[23-Oct-2023 18:09:39 UTC] PHP Warning:  Undefined variable $undefinedVariable in /Volumes/Server/public_html/ostad/module5/assignment/crew_project/index.php on line 29
[23-Oct-2023 18:10:27 UTC] PHP Warning:  Undefined variable $undefinedVariable in /Volumes/Server/public_html/ostad/module5/assignment/crew_project/index.php on line 23
[23-Oct-2023 18:10:32 UTC] PHP Warning:  Undefined variable $undefinedVariable in /Volumes/Server/public_html/ostad/module5/assignment/crew_project/index.php on line 23
[23-Oct-2023 18:10:55 UTC] PHP Warning:  Undefined variable $undefinedVariable in /Volumes/Server/public_html/ostad/module5/assignment/crew_project/index.php on line 23
[23-Oct-2023 18:16:06 UTC] PHP Fatal error:  Uncaught Error: Undefined constant "TIMEZONID" in /Volumes/Server/public_html/ostad/module5/assignment/crew_project/index.php:24
Stack trace:
#0 {main}
  thrown in /Volumes/Server/public_html/ostad/module5/assignment/crew_project/index.php on line 24
[24-Oct-2023 00:33:02 Asia/Dhaka] PHP Warning:  Undefined variable $x in /Volumes/Server/public_html/ostad/module5/assignment/crew_project/index.php on line 37
[25-Oct-2023 00:13:49 Asia/Dhaka] PHP Fatal error:  Uncaught RuntimeException: Column not match: (id,first_name,last_name,username,email,password,role,created_at) in (id,first_name,last_name,email,password,role,created_at) in /Volumes/Server/public_html/ostad/module5/assignment/crew_project/libs/database/src/Database.php:328
Stack trace:
#0 /Volumes/Server/public_html/ostad/module5/assignment/crew_project/libs/database/src/Database.php(228): Database->checkInsert(Array)
#1 /Volumes/Server/public_html/ostad/module5/assignment/crew_project/pages/registration.php(56): Database->insert(Array)
#2 /Volumes/Server/public_html/ostad/module5/assignment/crew_project/index.php(42): require('/Volumes/Server...')
#3 {main}
  thrown in /Volumes/Server/public_html/ostad/module5/assignment/crew_project/libs/database/src/Database.php on line 328
[25-Oct-2023 02:28:12 Asia/Dhaka] PHP Warning:  Undefined array key "first_nam" in /Volumes/Server/public_html/ostad/module5/assignment/crew_project/includes/layouts/header.php on line 14
[25-Oct-2023 12:04:10 Asia/Dhaka] PHP Fatal error:  Uncaught Error: Typed static property Template::$files must not be accessed before initialization in /Volumes/Server/public_html/ostad/module5/assignment/crew_project/libs/template/src/Template.php:69
Stack trace:
#0 /Volumes/Server/public_html/ostad/module5/assignment/crew_project/pages/404.php(17): Template::execute()
#1 /Volumes/Server/public_html/ostad/module5/assignment/crew_project/index.php(45): require('/Volumes/Server...')
#2 {main}
  thrown in /Volumes/Server/public_html/ostad/module5/assignment/crew_project/libs/template/src/Template.php on line 69
[25-Oct-2023 12:05:12 Asia/Dhaka] PHP Fatal error:  Uncaught Error: Call to undefined function getInputValue() in /Volumes/Server/public_html/ostad/module5/assignment/crew_project/pages/404.php:35
Stack trace:
#0 /Volumes/Server/public_html/ostad/module5/assignment/crew_project/index.php(45): require()
#1 {main}
  thrown in /Volumes/Server/public_html/ostad/module5/assignment/crew_project/pages/404.php on line 35
[25-Oct-2023 12:27:34 Asia/Dhaka] PHP Warning:  Undefined array key 0 in /Volumes/Server/public_html/ostad/module5/assignment/crew_project/pages/admin/dashboard.php on line 9
[25-Oct-2023 12:27:46 Asia/Dhaka] PHP Warning:  Undefined array key 0 in /Volumes/Server/public_html/ostad/module5/assignment/crew_project/pages/admin/dashboard.php on line 9
[25-Oct-2023 12:27:46 Asia/Dhaka] PHP Warning:  Trying to access array offset on value of type null in /Volumes/Server/public_html/ostad/module5/assignment/crew_project/pages/admin/dashboard.php on line 10
[25-Oct-2023 12:28:00 Asia/Dhaka] PHP Warning:  Undefined array key 0 in /Volumes/Server/public_html/ostad/module5/assignment/crew_project/pages/admin/dashboard.php on line 10
[25-Oct-2023 12:28:30 Asia/Dhaka] PHP Warning:  Undefined array key 0 in /Volumes/Server/public_html/ostad/module5/assignment/crew_project/pages/admin/dashboard.php on line 10
[25-Oct-2023 19:20:14 Asia/Dhaka] PHP Warning:  session_destroy(): Trying to destroy uninitialized session in /Volumes/Server/public_html/ostad/module5/assignment/crew_project/libs/session/src/Session.php on line 127
[25-Oct-2023 19:20:20 Asia/Dhaka] PHP Warning:  session_destroy(): Trying to destroy uninitialized session in /Volumes/Server/public_html/ostad/module5/assignment/crew_project/libs/session/src/Session.php on line 127
[25-Oct-2023 20:09:07 Asia/Dhaka] PHP Warning:  get_browser(): browscap ini directive not set in /Volumes/Server/public_html/ostad/module5/assignment/crew_project/pages/admin/dashboard.php on line 13
[25-Oct-2023 20:09:31 Asia/Dhaka] PHP Warning:  get_browser(): browscap ini directive not set in /Volumes/Server/public_html/ostad/module5/assignment/crew_project/pages/admin/dashboard.php on line 13
[26-Oct-2023 01:17:12 Asia/Dhaka] PHP Fatal error:  Uncaught TypeError: array_map(): Argument #1 ($callback) must be a valid callback or null, array callback must have exactly two members in /Volumes/Server/public_html/ostad/module5/assignment/crew_project/includes/layouts/header.php:4
Stack trace:
#0 /Volumes/Server/public_html/ostad/module5/assignment/crew_project/includes/layouts/header.php(4): array_map(Array, NULL, NULL)
#1 /Volumes/Server/public_html/ostad/module5/assignment/crew_project/includes/layouts/master.php(22): require('/Volumes/Server...')
#2 /Volumes/Server/public_html/ostad/module5/assignment/crew_project/libs/template/src/Template.php(70): include('/Volumes/Server...')
#3 /Volumes/Server/public_html/ostad/module5/assignment/crew_project/pages/admin/dashboard.php(18): Template::execute()
#4 /Volumes/Server/public_html/ostad/module5/assignment/crew_project/index.php(42): require('/Volumes/Server...')
#5 {main}
  thrown in /Volumes/Server/public_html/ostad/module5/assignment/crew_project/includes/layouts/header.php on line 4
[26-Oct-2023 02:14:49 Asia/Dhaka] PHP Warning:  Undefined global variable $_REQUEST_PATH in /Volumes/Server/public_html/ostad/module5/assignment/crew_project/index.php on line 49
[26-Oct-2023 23:38:00 Asia/Dhaka] PHP Warning:  Trying to access array offset on value of type null in /Volumes/Server/public_html/ostad/module5/assignment/crew_project/pages/index.php on line 10
[26-Oct-2023 23:39:19 Asia/Dhaka] PHP Warning:  Trying to access array offset on value of type null in /Volumes/Server/public_html/ostad/module5/assignment/crew_project/pages/index.php on line 10
[27-Oct-2023 00:16:04 Asia/Dhaka] PHP Warning:  Trying to access array offset on value of type null in /Volumes/Server/public_html/ostad/module5/assignment/crew_project/pages/admin/role_management.php on line 60
[27-Oct-2023 00:16:04 Asia/Dhaka] PHP Warning:  Trying to access array offset on value of type null in /Volumes/Server/public_html/ostad/module5/assignment/crew_project/pages/admin/role_management.php on line 60
[27-Oct-2023 00:16:04 Asia/Dhaka] PHP Warning:  Trying to access array offset on value of type null in /Volumes/Server/public_html/ostad/module5/assignment/crew_project/pages/admin/role_management.php on line 60
[27-Oct-2023 00:16:04 Asia/Dhaka] PHP Warning:  Trying to access array offset on value of type null in /Volumes/Server/public_html/ostad/module5/assignment/crew_project/pages/admin/role_management.php on line 60
[27-Oct-2023 00:16:04 Asia/Dhaka] PHP Warning:  Trying to access array offset on value of type null in /Volumes/Server/public_html/ostad/module5/assignment/crew_project/pages/admin/role_management.php on line 60
[27-Oct-2023 00:16:04 Asia/Dhaka] PHP Warning:  Trying to access array offset on value of type null in /Volumes/Server/public_html/ostad/module5/assignment/crew_project/pages/admin/role_management.php on line 60
[27-Oct-2023 00:16:06 Asia/Dhaka] PHP Warning:  Trying to access array offset on value of type null in /Volumes/Server/public_html/ostad/module5/assignment/crew_project/pages/admin/role_management.php on line 60
[27-Oct-2023 00:16:06 Asia/Dhaka] PHP Warning:  Trying to access array offset on value of type null in /Volumes/Server/public_html/ostad/module5/assignment/crew_project/pages/admin/role_management.php on line 60
[27-Oct-2023 00:16:06 Asia/Dhaka] PHP Warning:  Trying to access array offset on value of type null in /Volumes/Server/public_html/ostad/module5/assignment/crew_project/pages/admin/role_management.php on line 60
[27-Oct-2023 00:16:06 Asia/Dhaka] PHP Warning:  Trying to access array offset on value of type null in /Volumes/Server/public_html/ostad/module5/assignment/crew_project/pages/admin/role_management.php on line 60
[27-Oct-2023 00:16:06 Asia/Dhaka] PHP Warning:  Trying to access array offset on value of type null in /Volumes/Server/public_html/ostad/module5/assignment/crew_project/pages/admin/role_management.php on line 60
[27-Oct-2023 00:16:06 Asia/Dhaka] PHP Warning:  Trying to access array offset on value of type null in /Volumes/Server/public_html/ostad/module5/assignment/crew_project/pages/admin/role_management.php on line 60
[27-Oct-2023 00:16:12 Asia/Dhaka] PHP Warning:  Trying to access array offset on value of type null in /Volumes/Server/public_html/ostad/module5/assignment/crew_project/pages/admin/role_management.php on line 60
[27-Oct-2023 00:16:12 Asia/Dhaka] PHP Warning:  Trying to access array offset on value of type null in /Volumes/Server/public_html/ostad/module5/assignment/crew_project/pages/admin/role_management.php on line 60
[27-Oct-2023 00:16:12 Asia/Dhaka] PHP Warning:  Trying to access array offset on value of type null in /Volumes/Server/public_html/ostad/module5/assignment/crew_project/pages/admin/role_management.php on line 60
[27-Oct-2023 00:16:12 Asia/Dhaka] PHP Warning:  Trying to access array offset on value of type null in /Volumes/Server/public_html/ostad/module5/assignment/crew_project/pages/admin/role_management.php on line 60
[27-Oct-2023 00:16:12 Asia/Dhaka] PHP Warning:  Trying to access array offset on value of type null in /Volumes/Server/public_html/ostad/module5/assignment/crew_project/pages/admin/role_management.php on line 60
[27-Oct-2023 00:16:12 Asia/Dhaka] PHP Warning:  Trying to access array offset on value of type null in /Volumes/Server/public_html/ostad/module5/assignment/crew_project/pages/admin/role_management.php on line 60
[27-Oct-2023 00:16:14 Asia/Dhaka] PHP Warning:  Trying to access array offset on value of type null in /Volumes/Server/public_html/ostad/module5/assignment/crew_project/pages/admin/role_management.php on line 60
[27-Oct-2023 00:16:14 Asia/Dhaka] PHP Warning:  Trying to access array offset on value of type null in /Volumes/Server/public_html/ostad/module5/assignment/crew_project/pages/admin/role_management.php on line 60
[27-Oct-2023 00:16:15 Asia/Dhaka] PHP Warning:  Trying to access array offset on value of type null in /Volumes/Server/public_html/ostad/module5/assignment/crew_project/pages/admin/role_management.php on line 60
[27-Oct-2023 00:16:15 Asia/Dhaka] PHP Warning:  Trying to access array offset on value of type null in /Volumes/Server/public_html/ostad/module5/assignment/crew_project/pages/admin/role_management.php on line 60
[27-Oct-2023 00:16:15 Asia/Dhaka] PHP Warning:  Trying to access array offset on value of type null in /Volumes/Server/public_html/ostad/module5/assignment/crew_project/pages/admin/role_management.php on line 60
[27-Oct-2023 00:16:15 Asia/Dhaka] PHP Warning:  Trying to access array offset on value of type null in /Volumes/Server/public_html/ostad/module5/assignment/crew_project/pages/admin/role_management.php on line 60
[27-Oct-2023 00:16:21 Asia/Dhaka] PHP Warning:  Trying to access array offset on value of type null in /Volumes/Server/public_html/ostad/module5/assignment/crew_project/pages/admin/role_management.php on line 60
[27-Oct-2023 00:16:21 Asia/Dhaka] PHP Warning:  Trying to access array offset on value of type null in /Volumes/Server/public_html/ostad/module5/assignment/crew_project/pages/admin/role_management.php on line 60
[27-Oct-2023 00:16:21 Asia/Dhaka] PHP Warning:  Trying to access array offset on value of type null in /Volumes/Server/public_html/ostad/module5/assignment/crew_project/pages/admin/role_management.php on line 60
[27-Oct-2023 00:16:21 Asia/Dhaka] PHP Warning:  Trying to access array offset on value of type null in /Volumes/Server/public_html/ostad/module5/assignment/crew_project/pages/admin/role_management.php on line 60
[27-Oct-2023 00:16:21 Asia/Dhaka] PHP Warning:  Trying to access array offset on value of type null in /Volumes/Server/public_html/ostad/module5/assignment/crew_project/pages/admin/role_management.php on line 60
[27-Oct-2023 00:16:21 Asia/Dhaka] PHP Warning:  Trying to access array offset on value of type null in /Volumes/Server/public_html/ostad/module5/assignment/crew_project/pages/admin/role_management.php on line 60
[27-Oct-2023 00:17:03 Asia/Dhaka] PHP Warning:  Trying to access array offset on value of type null in /Volumes/Server/public_html/ostad/module5/assignment/crew_project/pages/admin/role_management.php on line 60
[27-Oct-2023 00:17:03 Asia/Dhaka] PHP Warning:  Trying to access array offset on value of type null in /Volumes/Server/public_html/ostad/module5/assignment/crew_project/pages/admin/role_management.php on line 60
[27-Oct-2023 00:17:03 Asia/Dhaka] PHP Warning:  Trying to access array offset on value of type null in /Volumes/Server/public_html/ostad/module5/assignment/crew_project/pages/admin/role_management.php on line 60
[27-Oct-2023 00:17:03 Asia/Dhaka] PHP Warning:  Trying to access array offset on value of type null in /Volumes/Server/public_html/ostad/module5/assignment/crew_project/pages/admin/role_management.php on line 60
[27-Oct-2023 00:17:03 Asia/Dhaka] PHP Warning:  Trying to access array offset on value of type null in /Volumes/Server/public_html/ostad/module5/assignment/crew_project/pages/admin/role_management.php on line 60
[27-Oct-2023 00:17:03 Asia/Dhaka] PHP Warning:  Trying to access array offset on value of type null in /Volumes/Server/public_html/ostad/module5/assignment/crew_project/pages/admin/role_management.php on line 60
[27-Oct-2023 00:36:05 Asia/Dhaka] PHP Warning:  Undefined array key "script" in /Volumes/Server/public_html/ostad/module5/assignment/crew_project/libs/template/src/Template.php on line 61
[27-Oct-2023 00:36:06 Asia/Dhaka] PHP Warning:  Undefined array key "script" in /Volumes/Server/public_html/ostad/module5/assignment/crew_project/libs/template/src/Template.php on line 61
[27-Oct-2023 00:44:32 Asia/Dhaka] PHP Warning:  Undefined array key "script" in /Volumes/Server/public_html/ostad/module5/assignment/crew_project/libs/template/src/Template.php on line 61
[27-Oct-2023 01:15:24 Asia/Dhaka] PHP Warning:  Undefined variable $db in /Volumes/Server/public_html/ostad/module5/assignment/crew_project/pages/admin/ajax/role_permission.php on line 12
[27-Oct-2023 01:15:24 Asia/Dhaka] PHP Fatal error:  Uncaught Error: Call to a member function table() on null in /Volumes/Server/public_html/ostad/module5/assignment/crew_project/pages/admin/ajax/role_permission.php:12
Stack trace:
#0 /Volumes/Server/public_html/ostad/module5/assignment/crew_project/index.php(50): require()
#1 /Volumes/Server/public_html/ostad/module5/assignment/crew_project/index.php(57): handleHttpRequest()
#2 {main}
  thrown in /Volumes/Server/public_html/ostad/module5/assignment/crew_project/pages/admin/ajax/role_permission.php on line 12
[27-Oct-2023 01:16:09 Asia/Dhaka] PHP Warning:  Undefined variable $db in /Volumes/Server/public_html/ostad/module5/assignment/crew_project/pages/admin/ajax/role_permission.php on line 12
[27-Oct-2023 01:16:09 Asia/Dhaka] PHP Fatal error:  Uncaught Error: Call to a member function table() on null in /Volumes/Server/public_html/ostad/module5/assignment/crew_project/pages/admin/ajax/role_permission.php:12
Stack trace:
#0 /Volumes/Server/public_html/ostad/module5/assignment/crew_project/index.php(50): require()
#1 /Volumes/Server/public_html/ostad/module5/assignment/crew_project/index.php(57): handleHttpRequest()
#2 {main}
  thrown in /Volumes/Server/public_html/ostad/module5/assignment/crew_project/pages/admin/ajax/role_permission.php on line 12
[27-Oct-2023 01:17:45 Asia/Dhaka] PHP Warning:  Undefined variable $db in /Volumes/Server/public_html/ostad/module5/assignment/crew_project/pages/admin/ajax/role_permission.php on line 12
[27-Oct-2023 01:17:45 Asia/Dhaka] PHP Fatal error:  Uncaught Error: Call to a member function table() on null in /Volumes/Server/public_html/ostad/module5/assignment/crew_project/pages/admin/ajax/role_permission.php:12
Stack trace:
#0 /Volumes/Server/public_html/ostad/module5/assignment/crew_project/index.php(50): require()
#1 /Volumes/Server/public_html/ostad/module5/assignment/crew_project/index.php(57): handleHttpRequest()
#2 {main}
  thrown in /Volumes/Server/public_html/ostad/module5/assignment/crew_project/pages/admin/ajax/role_permission.php on line 12
[27-Oct-2023 01:20:15 Asia/Dhaka] PHP Warning:  Undefined array key "script" in /Volumes/Server/public_html/ostad/module5/assignment/crew_project/libs/template/src/Template.php on line 61
[27-Oct-2023 01:27:30 Asia/Dhaka] PHP Warning:  Undefined array key "script" in /Volumes/Server/public_html/ostad/module5/assignment/crew_project/libs/template/src/Template.php on line 61
[27-Oct-2023 01:28:15 Asia/Dhaka] PHP Warning:  Undefined array key "script" in /Volumes/Server/public_html/ostad/module5/assignment/crew_project/libs/template/src/Template.php on line 61
[27-Oct-2023 01:28:19 Asia/Dhaka] PHP Warning:  Undefined array key "script" in /Volumes/Server/public_html/ostad/module5/assignment/crew_project/libs/template/src/Template.php on line 61
[27-Oct-2023 01:28:22 Asia/Dhaka] PHP Warning:  Undefined array key "script" in /Volumes/Server/public_html/ostad/module5/assignment/crew_project/libs/template/src/Template.php on line 61
[27-Oct-2023 01:28:24 Asia/Dhaka] PHP Warning:  Undefined array key "script" in /Volumes/Server/public_html/ostad/module5/assignment/crew_project/libs/template/src/Template.php on line 61
[27-Oct-2023 01:32:01 Asia/Dhaka] PHP Warning:  Undefined array key "script" in /Volumes/Server/public_html/ostad/module5/assignment/crew_project/libs/template/src/Template.php on line 61
[27-Oct-2023 01:38:30 Asia/Dhaka] PHP Warning:  Undefined array key "script" in /Volumes/Server/public_html/ostad/module5/assignment/crew_project/libs/template/src/Template.php on line 61
[27-Oct-2023 01:39:23 Asia/Dhaka] PHP Warning:  Undefined array key "script" in /Volumes/Server/public_html/ostad/module5/assignment/crew_project/libs/template/src/Template.php on line 61
[27-Oct-2023 01:39:32 Asia/Dhaka] PHP Warning:  Undefined array key "script" in /Volumes/Server/public_html/ostad/module5/assignment/crew_project/libs/template/src/Template.php on line 61
[27-Oct-2023 01:39:43 Asia/Dhaka] PHP Warning:  Undefined array key "script" in /Volumes/Server/public_html/ostad/module5/assignment/crew_project/libs/template/src/Template.php on line 61
[27-Oct-2023 01:40:03 Asia/Dhaka] PHP Warning:  Undefined array key "script" in /Volumes/Server/public_html/ostad/module5/assignment/crew_project/libs/template/src/Template.php on line 61
[27-Oct-2023 01:40:06 Asia/Dhaka] PHP Warning:  Undefined array key "script" in /Volumes/Server/public_html/ostad/module5/assignment/crew_project/libs/template/src/Template.php on line 61
[27-Oct-2023 01:43:32 Asia/Dhaka] PHP Warning:  Undefined array key "script" in /Volumes/Server/public_html/ostad/module5/assignment/crew_project/libs/template/src/Template.php on line 61
[27-Oct-2023 01:44:44 Asia/Dhaka] PHP Warning:  Undefined array key "script" in /Volumes/Server/public_html/ostad/module5/assignment/crew_project/libs/template/src/Template.php on line 61
[27-Oct-2023 01:45:51 Asia/Dhaka] PHP Warning:  Undefined array key "script" in /Volumes/Server/public_html/ostad/module5/assignment/crew_project/libs/template/src/Template.php on line 61
[27-Oct-2023 01:47:17 Asia/Dhaka] PHP Warning:  Undefined array key "script" in /Volumes/Server/public_html/ostad/module5/assignment/crew_project/libs/template/src/Template.php on line 61
[27-Oct-2023 01:48:00 Asia/Dhaka] PHP Warning:  Undefined array key "script" in /Volumes/Server/public_html/ostad/module5/assignment/crew_project/libs/template/src/Template.php on line 61
[27-Oct-2023 01:48:15 Asia/Dhaka] PHP Warning:  Undefined array key "script" in /Volumes/Server/public_html/ostad/module5/assignment/crew_project/libs/template/src/Template.php on line 61
[27-Oct-2023 01:48:22 Asia/Dhaka] PHP Warning:  Undefined array key "script" in /Volumes/Server/public_html/ostad/module5/assignment/crew_project/libs/template/src/Template.php on line 61
[27-Oct-2023 01:48:27 Asia/Dhaka] PHP Warning:  Undefined array key "script" in /Volumes/Server/public_html/ostad/module5/assignment/crew_project/libs/template/src/Template.php on line 61
[27-Oct-2023 01:49:38 Asia/Dhaka] PHP Warning:  Undefined array key "script" in /Volumes/Server/public_html/ostad/module5/assignment/crew_project/libs/template/src/Template.php on line 61
[27-Oct-2023 01:51:06 Asia/Dhaka] PHP Warning:  Undefined array key "script" in /Volumes/Server/public_html/ostad/module5/assignment/crew_project/libs/template/src/Template.php on line 61
[27-Oct-2023 01:52:03 Asia/Dhaka] PHP Warning:  Undefined array key "script" in /Volumes/Server/public_html/ostad/module5/assignment/crew_project/libs/template/src/Template.php on line 61
[27-Oct-2023 01:52:14 Asia/Dhaka] PHP Warning:  Undefined array key "script" in /Volumes/Server/public_html/ostad/module5/assignment/crew_project/libs/template/src/Template.php on line 61
[27-Oct-2023 01:52:25 Asia/Dhaka] PHP Warning:  Undefined array key "script" in /Volumes/Server/public_html/ostad/module5/assignment/crew_project/libs/template/src/Template.php on line 61
[27-Oct-2023 01:52:42 Asia/Dhaka] PHP Warning:  Undefined array key "script" in /Volumes/Server/public_html/ostad/module5/assignment/crew_project/libs/template/src/Template.php on line 61
[27-Oct-2023 01:59:40 Asia/Dhaka] PHP Warning:  Undefined array key "script" in /Volumes/Server/public_html/ostad/module5/assignment/crew_project/libs/template/src/Template.php on line 61
[27-Oct-2023 02:01:10 Asia/Dhaka] PHP Warning:  Undefined array key "script" in /Volumes/Server/public_html/ostad/module5/assignment/crew_project/libs/template/src/Template.php on line 61
[27-Oct-2023 02:02:35 Asia/Dhaka] PHP Warning:  Undefined array key "script" in /Volumes/Server/public_html/ostad/module5/assignment/crew_project/libs/template/src/Template.php on line 61
[27-Oct-2023 02:03:18 Asia/Dhaka] PHP Warning:  Undefined array key "script" in /Volumes/Server/public_html/ostad/module5/assignment/crew_project/libs/template/src/Template.php on line 61
[27-Oct-2023 02:03:28 Asia/Dhaka] PHP Warning:  Undefined array key "script" in /Volumes/Server/public_html/ostad/module5/assignment/crew_project/libs/template/src/Template.php on line 61
[27-Oct-2023 02:03:37 Asia/Dhaka] PHP Warning:  Undefined array key "script" in /Volumes/Server/public_html/ostad/module5/assignment/crew_project/libs/template/src/Template.php on line 61
[27-Oct-2023 02:03:52 Asia/Dhaka] PHP Warning:  Undefined array key "script" in /Volumes/Server/public_html/ostad/module5/assignment/crew_project/libs/template/src/Template.php on line 61
[27-Oct-2023 02:09:52 Asia/Dhaka] PHP Warning:  Undefined array key "script" in /Volumes/Server/public_html/ostad/module5/assignment/crew_project/libs/template/src/Template.php on line 61
[27-Oct-2023 02:11:18 Asia/Dhaka] PHP Warning:  Undefined array key "script" in /Volumes/Server/public_html/ostad/module5/assignment/crew_project/libs/template/src/Template.php on line 61
[27-Oct-2023 02:12:11 Asia/Dhaka] PHP Warning:  Undefined array key "script" in /Volumes/Server/public_html/ostad/module5/assignment/crew_project/libs/template/src/Template.php on line 61
[27-Oct-2023 02:12:22 Asia/Dhaka] PHP Warning:  Undefined array key "script" in /Volumes/Server/public_html/ostad/module5/assignment/crew_project/libs/template/src/Template.php on line 61
[27-Oct-2023 02:12:30 Asia/Dhaka] PHP Warning:  Undefined array key "script" in /Volumes/Server/public_html/ostad/module5/assignment/crew_project/libs/template/src/Template.php on line 61
[27-Oct-2023 02:12:49 Asia/Dhaka] PHP Warning:  Undefined array key "script" in /Volumes/Server/public_html/ostad/module5/assignment/crew_project/libs/template/src/Template.php on line 61
[27-Oct-2023 02:15:24 Asia/Dhaka] PHP Warning:  Undefined array key "script" in /Volumes/Server/public_html/ostad/module5/assignment/crew_project/libs/template/src/Template.php on line 61
[27-Oct-2023 02:16:05 Asia/Dhaka] PHP Warning:  Undefined array key "script" in /Volumes/Server/public_html/ostad/module5/assignment/crew_project/libs/template/src/Template.php on line 61
[27-Oct-2023 02:16:14 Asia/Dhaka] PHP Warning:  Undefined array key "script" in /Volumes/Server/public_html/ostad/module5/assignment/crew_project/libs/template/src/Template.php on line 61
[27-Oct-2023 02:16:23 Asia/Dhaka] PHP Warning:  Undefined array key "script" in /Volumes/Server/public_html/ostad/module5/assignment/crew_project/libs/template/src/Template.php on line 61
[27-Oct-2023 02:16:41 Asia/Dhaka] PHP Warning:  Undefined array key "script" in /Volumes/Server/public_html/ostad/module5/assignment/crew_project/libs/template/src/Template.php on line 61
[27-Oct-2023 02:16:53 Asia/Dhaka] PHP Warning:  Trying to access array offset on value of type null in /Volumes/Server/public_html/ostad/module5/assignment/crew_project/pages/guest.php on line 9
[27-Oct-2023 02:16:55 Asia/Dhaka] PHP Warning:  Undefined array key "script" in /Volumes/Server/public_html/ostad/module5/assignment/crew_project/libs/template/src/Template.php on line 61
[27-Oct-2023 11:39:05 Asia/Dhaka] PHP Warning:  Undefined array key "script" in /Volumes/Server/public_html/ostad/module5/assignment/crew_project/libs/template/src/Template.php on line 61
[27-Oct-2023 11:58:33 Asia/Dhaka] PHP Warning:  Undefined array key "script" in /Volumes/Server/public_html/ostad/module5/assignment/crew_project/libs/template/src/Template.php on line 61
[27-Oct-2023 14:17:20 Asia/Dhaka] PHP Warning:  Undefined array key "script" in /Volumes/Server/public_html/ostad/module5/assignment/crew_project/libs/template/src/Template.php on line 61
[27-Oct-2023 14:39:41 Asia/Dhaka] PHP Warning:  Undefined array key "script" in /Volumes/Server/public_html/ostad/module5/assignment/crew_project/libs/template/src/Template.php on line 61
[27-Oct-2023 14:39:43 Asia/Dhaka] PHP Warning:  Undefined array key "script" in /Volumes/Server/public_html/ostad/module5/assignment/crew_project/libs/template/src/Template.php on line 61
[27-Oct-2023 14:40:21 Asia/Dhaka] PHP Warning:  Undefined array key "script" in /Volumes/Server/public_html/ostad/module5/assignment/crew_project/libs/template/src/Template.php on line 61
[27-Oct-2023 14:40:22 Asia/Dhaka] PHP Warning:  Undefined array key "script" in /Volumes/Server/public_html/ostad/module5/assignment/crew_project/libs/template/src/Template.php on line 61
[27-Oct-2023 14:41:46 Asia/Dhaka] PHP Warning:  Undefined array key "script" in /Volumes/Server/public_html/ostad/module5/assignment/crew_project/libs/template/src/Template.php on line 61
[27-Oct-2023 14:41:47 Asia/Dhaka] PHP Warning:  Undefined array key "script" in /Volumes/Server/public_html/ostad/module5/assignment/crew_project/libs/template/src/Template.php on line 61
[27-Oct-2023 14:42:38 Asia/Dhaka] PHP Warning:  Undefined array key "script" in /Volumes/Server/public_html/ostad/module5/assignment/crew_project/libs/template/src/Template.php on line 61
[27-Oct-2023 14:56:04 Asia/Dhaka] PHP Warning:  Undefined array key "script" in /Volumes/Server/public_html/ostad/module5/assignment/crew_project/libs/template/src/Template.php on line 61
[27-Oct-2023 14:56:05 Asia/Dhaka] PHP Warning:  Undefined array key "script" in /Volumes/Server/public_html/ostad/module5/assignment/crew_project/libs/template/src/Template.php on line 61
[27-Oct-2023 14:56:07 Asia/Dhaka] PHP Warning:  Undefined array key "script" in /Volumes/Server/public_html/ostad/module5/assignment/crew_project/libs/template/src/Template.php on line 61
[27-Oct-2023 14:56:53 Asia/Dhaka] PHP Warning:  Undefined array key "script" in /Volumes/Server/public_html/ostad/module5/assignment/crew_project/libs/template/src/Template.php on line 61
[27-Oct-2023 14:58:06 Asia/Dhaka] PHP Warning:  Undefined array key "script" in /Volumes/Server/public_html/ostad/module5/assignment/crew_project/libs/template/src/Template.php on line 61
[27-Oct-2023 15:09:42 Asia/Dhaka] PHP Warning:  Undefined array key "script" in /Volumes/Server/public_html/ostad/module5/assignment/crew_project/libs/template/src/Template.php on line 61
[27-Oct-2023 15:11:10 Asia/Dhaka] PHP Warning:  Undefined array key "script" in /Volumes/Server/public_html/ostad/module5/assignment/crew_project/libs/template/src/Template.php on line 61
[27-Oct-2023 15:11:49 Asia/Dhaka] PHP Warning:  Undefined array key "script" in /Volumes/Server/public_html/ostad/module5/assignment/crew_project/libs/template/src/Template.php on line 61
[27-Oct-2023 15:12:05 Asia/Dhaka] PHP Warning:  Undefined array key "script" in /Volumes/Server/public_html/ostad/module5/assignment/crew_project/libs/template/src/Template.php on line 61
[27-Oct-2023 15:12:39 Asia/Dhaka] PHP Warning:  Undefined array key "script" in /Volumes/Server/public_html/ostad/module5/assignment/crew_project/libs/template/src/Template.php on line 61
[27-Oct-2023 15:12:56 Asia/Dhaka] PHP Warning:  Undefined array key "script" in /Volumes/Server/public_html/ostad/module5/assignment/crew_project/libs/template/src/Template.php on line 61
[27-Oct-2023 15:13:58 Asia/Dhaka] PHP Warning:  Undefined array key "script" in /Volumes/Server/public_html/ostad/module5/assignment/crew_project/libs/template/src/Template.php on line 61
[27-Oct-2023 15:14:24 Asia/Dhaka] PHP Warning:  Undefined array key "script" in /Volumes/Server/public_html/ostad/module5/assignment/crew_project/libs/template/src/Template.php on line 61
[27-Oct-2023 15:14:38 Asia/Dhaka] PHP Warning:  Undefined array key "script" in /Volumes/Server/public_html/ostad/module5/assignment/crew_project/libs/template/src/Template.php on line 61
[27-Oct-2023 15:15:00 Asia/Dhaka] PHP Warning:  Undefined array key "script" in /Volumes/Server/public_html/ostad/module5/assignment/crew_project/libs/template/src/Template.php on line 61
[27-Oct-2023 15:27:19 Asia/Dhaka] PHP Warning:  Trying to access array offset on value of type null in /Volumes/Server/public_html/ostad/module5/assignment/crew_project/pages/guest.php on line 9
[27-Oct-2023 15:27:29 Asia/Dhaka] PHP Warning:  Undefined array key "script" in /Volumes/Server/public_html/ostad/module5/assignment/crew_project/libs/template/src/Template.php on line 61
[27-Oct-2023 15:28:04 Asia/Dhaka] PHP Warning:  Undefined array key "script" in /Volumes/Server/public_html/ostad/module5/assignment/crew_project/libs/template/src/Template.php on line 61
[27-Oct-2023 15:28:05 Asia/Dhaka] PHP Warning:  Undefined array key "script" in /Volumes/Server/public_html/ostad/module5/assignment/crew_project/libs/template/src/Template.php on line 61
[27-Oct-2023 15:28:29 Asia/Dhaka] PHP Warning:  Undefined array key "script" in /Volumes/Server/public_html/ostad/module5/assignment/crew_project/libs/template/src/Template.php on line 61
[27-Oct-2023 15:28:46 Asia/Dhaka] PHP Warning:  Undefined array key "script" in /Volumes/Server/public_html/ostad/module5/assignment/crew_project/libs/template/src/Template.php on line 61
[27-Oct-2023 15:28:54 Asia/Dhaka] PHP Warning:  Undefined array key "script" in /Volumes/Server/public_html/ostad/module5/assignment/crew_project/libs/template/src/Template.php on line 61
[27-Oct-2023 15:29:00 Asia/Dhaka] PHP Warning:  Undefined array key "script" in /Volumes/Server/public_html/ostad/module5/assignment/crew_project/libs/template/src/Template.php on line 61
[27-Oct-2023 15:29:08 Asia/Dhaka] PHP Warning:  Undefined array key "script" in /Volumes/Server/public_html/ostad/module5/assignment/crew_project/libs/template/src/Template.php on line 61
[27-Oct-2023 15:29:11 Asia/Dhaka] PHP Warning:  Undefined array key "script" in /Volumes/Server/public_html/ostad/module5/assignment/crew_project/libs/template/src/Template.php on line 61
[27-Oct-2023 15:29:12 Asia/Dhaka] PHP Warning:  Undefined array key "script" in /Volumes/Server/public_html/ostad/module5/assignment/crew_project/libs/template/src/Template.php on line 61
[27-Oct-2023 15:29:32 Asia/Dhaka] PHP Warning:  Undefined array key "script" in /Volumes/Server/public_html/ostad/module5/assignment/crew_project/libs/template/src/Template.php on line 61
[27-Oct-2023 15:29:35 Asia/Dhaka] PHP Warning:  Undefined array key "script" in /Volumes/Server/public_html/ostad/module5/assignment/crew_project/libs/template/src/Template.php on line 61
[27-Oct-2023 15:30:05 Asia/Dhaka] PHP Warning:  Undefined array key "script" in /Volumes/Server/public_html/ostad/module5/assignment/crew_project/libs/template/src/Template.php on line 61
[27-Oct-2023 15:30:05 Asia/Dhaka] PHP Warning:  Undefined array key "script" in /Volumes/Server/public_html/ostad/module5/assignment/crew_project/libs/template/src/Template.php on line 61
[27-Oct-2023 15:30:06 Asia/Dhaka] PHP Warning:  Undefined array key "script" in /Volumes/Server/public_html/ostad/module5/assignment/crew_project/libs/template/src/Template.php on line 61
[27-Oct-2023 15:30:25 Asia/Dhaka] PHP Warning:  Undefined array key "script" in /Volumes/Server/public_html/ostad/module5/assignment/crew_project/libs/template/src/Template.php on line 61
[27-Oct-2023 15:31:34 Asia/Dhaka] PHP Warning:  Undefined array key "script" in /Volumes/Server/public_html/ostad/module5/assignment/crew_project/libs/template/src/Template.php on line 61
[27-Oct-2023 15:32:08 Asia/Dhaka] PHP Warning:  Undefined array key "script" in /Volumes/Server/public_html/ostad/module5/assignment/crew_project/libs/template/src/Template.php on line 61
[27-Oct-2023 15:32:09 Asia/Dhaka] PHP Warning:  Undefined array key "script" in /Volumes/Server/public_html/ostad/module5/assignment/crew_project/libs/template/src/Template.php on line 61
